{"/Users/btnaberna/Documents/coursework/week_07/day_02/jestCalculator/calculator.js": {"path":"/Users/btnaberna/Documents/coursework/week_07/day_02/jestCalculator/calculator.js","statementMap":{"0":{"start":{"line":12,"column":19},"end":{"line":16,"column":1}},"1":{"start":{"line":13,"column":4},"end":{"line":15,"column":5}},"2":{"start":{"line":14,"column":8},"end":{"line":14,"column":33}},"3":{"start":{"line":20,"column":0},"end":{"line":20,"column":30}}},"fnMap":{"0":{"name":"(anonymous_0)","decl":{"start":{"line":12,"column":19},"end":{"line":12,"column":20}},"loc":{"start":{"line":12,"column":29},"end":{"line":16,"column":1}},"line":12},"1":{"name":"(anonymous_1)","decl":{"start":{"line":13,"column":15},"end":{"line":13,"column":16}},"loc":{"start":{"line":13,"column":41},"end":{"line":15,"column":5}},"line":13}},"branchMap":{},"s":{"0":1,"1":2,"2":2,"3":1},"f":{"0":2,"1":2},"b":{},"_coverageSchema":"1a1c01bbd47fc00a2c39e90264f33305004495a9","hash":"21cccc2f9bed10ee0210b83f18386ceec3571602"}
}
